<?xml version="1.0" encoding="UTF-8"?>
<!-- Generated by org.testng.reporters.JUnitReportReporter -->
<testsuite hostname="DESKTOP-2F9U81Q" failures="0" tests="1" name="com.qapitol.testcases.LoginPageTest" time="14.986" errors="0" timestamp="2024-12-03T19:23:11 IST" skipped="0">
  <testcase classname="com.qapitol.testcases.LoginPageTest" name="loginPageTest" time="14.986"/>
</testsuite> <!-- com.qapitol.testcases.LoginPageTest -->
